
 [INFO] 2014:09:16 18:11:45  base.Base.clearlogs(Base.java:35) :  Start Time:18:11:45


 [INFO] 2014:09:16 18:11:53  testCases.FamilyFactsGuest.module1tc1(FamilyFactsGuest.java:29) :  Started Executing Test Case :1 of module1


 [INFO] 2014:09:16 18:11:54  keyWords.ScriptExecuter.execute(ScriptExecuter.java:34) :  Text retrived from the sheet are Action:getURL http://ancestry.com/learn/facts Navigate to Family facts high level search page in Logged out state


 [INFO] 2014:09:16 18:11:54  keyWords.KeywordHandler.keywordhandler(KeywordHandler.java:21) :  keyword recived:get Property: URL loc:  testData: http://ancestry.com/learn/facts


 [INFO] 2014:09:16 18:11:57  keyWords.Keywords.geturl(Keywords.java:47) :  http://ancestry.com/learn/facts Url is opened


 [INFO] 2014:09:16 18:11:57  Results.ResultXml.createXml(ResultXml.java:71) :  New Xml File is created


 [INFO] 2014:09:16 18:12:00  keyWords.ScriptExecuter.execute(ScriptExecuter.java:34) :  Text retrived from the sheet are Action:VerifyTextXpath //header[@class='pageHeader']/h1Discover the meaning and history behind your last name test Verify Header text


 [INFO] 2014:09:16 18:12:00  keyWords.KeywordHandler.keywordhandler(KeywordHandler.java:21) :  keyword recived:VerifyText Property: Xpath loc: //header[@class='pageHeader']/h1 testData: 


 [INFO] 2014:09:16 18:12:01  keyWords.Keywords.highlightElement(Keywords.java:558) :  Highlight function called: Received keywordXpath Recived Locator//header[@class='pageHeader']/h1


 [INFO] 2014:09:16 18:12:03  keyWords.Keywords.gettingText(Keywords.java:145) :  Discover the meaning and history behind your last name text is reterived from the '//header[@class='pageHeader']/h1' locator


 [INFO] 2014:09:16 18:12:03  keyWords.Keywords.verifyContentMatch(Keywords.java:507) :  Expected Text:Discover the meaning and history behind your last name test


 [INFO] 2014:09:16 18:12:05  utilities.TestRerun.retry(TestRerun.java:29) :  running retry logic for  'module1tc1' on class utilities.TestRerun


 [INFO] 2014:09:16 18:12:05  testCases.FamilyFactsGuest.module1tc1(FamilyFactsGuest.java:29) :  Started Executing Test Case :1 of module1


 [INFO] 2014:09:16 18:12:05  keyWords.ScriptExecuter.execute(ScriptExecuter.java:34) :  Text retrived from the sheet are Action:getURL http://ancestry.com/learn/facts Navigate to Family facts high level search page in Logged out state


 [INFO] 2014:09:16 18:12:05  keyWords.KeywordHandler.keywordhandler(KeywordHandler.java:21) :  keyword recived:get Property: URL loc:  testData: http://ancestry.com/learn/facts


 [INFO] 2014:09:16 18:12:09  keyWords.Keywords.geturl(Keywords.java:47) :  http://ancestry.com/learn/facts Url is opened


 [INFO] 2014:09:16 18:12:10  keyWords.ScriptExecuter.execute(ScriptExecuter.java:34) :  Text retrived from the sheet are Action:VerifyTextXpath //header[@class='pageHeader']/h1Discover the meaning and history behind your last name test Verify Header text


 [INFO] 2014:09:16 18:12:10  keyWords.KeywordHandler.keywordhandler(KeywordHandler.java:21) :  keyword recived:VerifyText Property: Xpath loc: //header[@class='pageHeader']/h1 testData: 


 [INFO] 2014:09:16 18:12:11  keyWords.Keywords.highlightElement(Keywords.java:558) :  Highlight function called: Received keywordXpath Recived Locator//header[@class='pageHeader']/h1


 [INFO] 2014:09:16 18:12:15  keyWords.Keywords.gettingText(Keywords.java:145) :  Discover the meaning and history behind your last name text is reterived from the '//header[@class='pageHeader']/h1' locator


 [INFO] 2014:09:16 18:12:15  keyWords.Keywords.verifyContentMatch(Keywords.java:507) :  Expected Text:Discover the meaning and history behind your last name test


 [INFO] 2014:09:16 18:12:16  utilities.TestRerun.retry(TestRerun.java:29) :  running retry logic for  'module1tc1' on class utilities.TestRerun


 [INFO] 2014:09:16 18:12:16  testCases.FamilyFactsGuest.module1tc2(FamilyFactsGuest.java:35) :  Started Executing Test Case :2 of module1


 [INFO] 2014:09:16 18:12:16  keyWords.ScriptExecuter.execute(ScriptExecuter.java:34) :  Text retrived from the sheet are Action:getURL http://ancestry.com/learn/facts Navigate to Family facts high level search page in Logged out state


 [INFO] 2014:09:16 18:12:16  keyWords.KeywordHandler.keywordhandler(KeywordHandler.java:21) :  keyword recived:get Property: URL loc:  testData: http://ancestry.com/learn/facts


 [INFO] 2014:09:16 18:12:17  keyWords.Keywords.geturl(Keywords.java:47) :  http://ancestry.com/learn/facts Url is opened


 [INFO] 2014:09:16 18:12:18  keyWords.ScriptExecuter.execute(ScriptExecuter.java:34) :  Text retrived from the sheet are Action:sendkeysXpath //*[@id='surname']Smith Enter Text in surname field


 [INFO] 2014:09:16 18:12:18  keyWords.KeywordHandler.keywordhandler(KeywordHandler.java:21) :  keyword recived:sendkeys Property: Xpath loc: //*[@id='surname'] testData: Smith


 [INFO] 2014:09:16 18:12:19  keyWords.Keywords.highlightElement(Keywords.java:558) :  Highlight function called: Received keywordXpath Recived Locator//*[@id='surname']


 [INFO] 2014:09:16 18:12:21  keyWords.Keywords.getAndSend(Keywords.java:313) :  GetAndSend method Called


 [INFO] 2014:09:16 18:12:21  keyWords.Keywords.getAndSend(Keywords.java:326) :  GetAndSend returned testdata directly


 [INFO] 2014:09:16 18:12:22  keyWords.Keywords.sendkeys(Keywords.java:96) :  Smith value is entereed in //*[@id='surname'] Element


 [INFO] 2014:09:16 18:12:23  keyWords.ScriptExecuter.execute(ScriptExecuter.java:34) :  Text retrived from the sheet are Action:clickXpath //*[@id='ffSurnameBtn'] Click on Search button 


 [INFO] 2014:09:16 18:12:23  keyWords.KeywordHandler.keywordhandler(KeywordHandler.java:21) :  keyword recived:click Property: Xpath loc: //*[@id='ffSurnameBtn'] testData: 


 [INFO] 2014:09:16 18:12:24  keyWords.Keywords.highlightElement(Keywords.java:558) :  Highlight function called: Received keywordXpath Recived Locator//*[@id='ffSurnameBtn']


 [INFO] 2014:09:16 18:12:30  keyWords.Keywords.click(Keywords.java:72) :  //*[@id='ffSurnameBtn'] Element Clicked


 [INFO] 2014:09:16 18:12:32  keyWords.ScriptExecuter.execute(ScriptExecuter.java:34) :  Text retrived from the sheet are Action:VerifyTextXpath //*[@id='topContainer']/h1Smith Family History Verify the Navigation to Family history  Page 


 [INFO] 2014:09:16 18:12:32  keyWords.KeywordHandler.keywordhandler(KeywordHandler.java:21) :  keyword recived:VerifyText Property: Xpath loc: //*[@id='topContainer']/h1 testData: 


 [INFO] 2014:09:16 18:12:32  keyWords.Keywords.highlightElement(Keywords.java:558) :  Highlight function called: Received keywordXpath Recived Locator//*[@id='topContainer']/h1


 [INFO] 2014:09:16 18:12:35  keyWords.Keywords.gettingText(Keywords.java:145) :  Smith Family History text is reterived from the '//*[@id='topContainer']/h1' locator


 [INFO] 2014:09:16 18:12:35  keyWords.Keywords.verifyContentMatch(Keywords.java:507) :  Expected Text:Smith Family History


 [INFO] 2014:09:16 18:12:37  keyWords.ScriptExecuter.execute(ScriptExecuter.java:34) :  Text retrived from the sheet are Action:        


 [INFO] 2014:09:16 18:12:37  keyWords.KeywordHandler.keywordhandler(KeywordHandler.java:21) :  keyword recived:  Property:   loc:   testData:  


 [INFO] 2014:09:16 18:12:37  testCases.FamilyFactsGuest.clearcookies(FamilyFactsGuest.java:41) :  Deleting all Cookies


 [INFO] 2014:09:16 18:12:37  testCases.FamilyFactsRegistered.module2tc1(FamilyFactsRegistered.java:23) :  Started Executing TC1 of Module2:keyWords.ScriptExecuter@1492cfe


 [INFO] 2014:09:16 18:12:37  keyWords.ScriptExecuter.execute(ScriptExecuter.java:34) :  Text retrived from the sheet are Action:getURL http://ancestry.com/learn/facts Navigate to Family facts high level search page


 [INFO] 2014:09:16 18:12:37  keyWords.KeywordHandler.keywordhandler(KeywordHandler.java:21) :  keyword recived:get Property: URL loc:  testData: http://ancestry.com/learn/facts


 [INFO] 2014:09:16 18:12:38  keyWords.Keywords.geturl(Keywords.java:47) :  http://ancestry.com/learn/facts Url is opened


 [INFO] 2014:09:16 18:12:39  keyWords.ScriptExecuter.execute(ScriptExecuter.java:34) :  Text retrived from the sheet are Action:clickId showSignIn Click on Show Sign-in button


 [INFO] 2014:09:16 18:12:39  keyWords.KeywordHandler.keywordhandler(KeywordHandler.java:21) :  keyword recived:click Property: Id loc: showSignIn testData: 


 [INFO] 2014:09:16 18:12:41  keyWords.Keywords.highlightElement(Keywords.java:558) :  Highlight function called: Received keywordId Recived LocatorshowSignIn


 [INFO] 2014:09:16 18:12:43  keyWords.Keywords.click(Keywords.java:72) :  showSignIn Element Clicked


 [INFO] 2014:09:16 18:12:46  keyWords.ScriptExecuter.execute(ScriptExecuter.java:34) :  Text retrived from the sheet are Action:sendkeysId usernamezenfbitesterkp1 Enter username in username field


 [INFO] 2014:09:16 18:12:46  keyWords.KeywordHandler.keywordhandler(KeywordHandler.java:21) :  keyword recived:sendkeys Property: Id loc: username testData: zenfbitesterkp1


 [INFO] 2014:09:16 18:12:47  keyWords.Keywords.highlightElement(Keywords.java:558) :  Highlight function called: Received keywordId Recived Locatorusername


 [INFO] 2014:09:16 18:12:49  keyWords.Keywords.getAndSend(Keywords.java:313) :  GetAndSend method Called


 [INFO] 2014:09:16 18:12:49  keyWords.Keywords.getAndSend(Keywords.java:326) :  GetAndSend returned testdata directly


 [INFO] 2014:09:16 18:12:50  keyWords.Keywords.sendkeys(Keywords.java:96) :  zenfbitesterkp1 value is entereed in username Element


 [INFO] 2014:09:16 18:12:51  keyWords.ScriptExecuter.execute(ScriptExecuter.java:34) :  Text retrived from the sheet are Action:sendkeysId passwordtesting Enter password in password filed


 [INFO] 2014:09:16 18:12:51  keyWords.KeywordHandler.keywordhandler(KeywordHandler.java:21) :  keyword recived:sendkeys Property: Id loc: password testData: testing


 [INFO] 2014:09:16 18:12:52  keyWords.Keywords.highlightElement(Keywords.java:558) :  Highlight function called: Received keywordId Recived Locatorpassword


 [INFO] 2014:09:16 18:12:54  keyWords.Keywords.getAndSend(Keywords.java:313) :  GetAndSend method Called


 [INFO] 2014:09:16 18:12:54  keyWords.Keywords.getAndSend(Keywords.java:326) :  GetAndSend returned testdata directly


 [INFO] 2014:09:16 18:12:55  keyWords.Keywords.sendkeys(Keywords.java:96) :  testing value is entereed in password Element


 [INFO] 2014:09:16 18:12:55  keyWords.ScriptExecuter.execute(ScriptExecuter.java:34) :  Text retrived from the sheet are Action:clickId signin Click on Sign-in button


 [INFO] 2014:09:16 18:12:55  keyWords.KeywordHandler.keywordhandler(KeywordHandler.java:21) :  keyword recived:click Property: Id loc: signin testData: 


 [INFO] 2014:09:16 18:12:56  keyWords.Keywords.highlightElement(Keywords.java:558) :  Highlight function called: Received keywordId Recived Locatorsignin


 [INFO] 2014:09:16 18:13:02  keyWords.Keywords.click(Keywords.java:72) :  signin Element Clicked


 [INFO] 2014:09:16 18:13:06  keyWords.ScriptExecuter.execute(ScriptExecuter.java:34) :  Text retrived from the sheet are Action:VerifyTextClassName accountNamezenfbitesterkp1 Verify logged in user name


 [INFO] 2014:09:16 18:13:06  keyWords.KeywordHandler.keywordhandler(KeywordHandler.java:21) :  keyword recived:VerifyText Property: ClassName loc: accountName testData: 


 [INFO] 2014:09:16 18:13:07  keyWords.Keywords.highlightElement(Keywords.java:558) :  Highlight function called: Received keywordClassName Recived LocatoraccountName


 [INFO] 2014:09:16 18:13:10  keyWords.Keywords.gettingText(Keywords.java:145) :  ZenFbitesterkp1 text is reterived from the 'accountName' locator


 [INFO] 2014:09:16 18:13:10  keyWords.Keywords.verifyContentMatch(Keywords.java:507) :  Expected Text:zenfbitesterkp1


 [INFO] 2014:09:16 18:13:13  testCases.FamilyFactsRegistered.clearcookies(FamilyFactsRegistered.java:30) :  Deleting all Cookies

