
 [INFO] 2014:10:17 11:08:21  base.Base.clearlogs(Unknown Source) :  Start Time:11:08:21


 [INFO] 2014:10:17 11:08:24  base.BrowserCapabilities.launchBrowser(Unknown Source) :  Chrome Browser is Launched


 [INFO] 2014:10:17 11:08:24  testCases.FamilyFactsGuest.module1tc1(Unknown Source) :  Started Executing Test Case :1 of module1


 [INFO] 2014:10:17 11:08:24  keyWords.ScriptExecuter.execute(Unknown Source) :  Text retrived from the sheet are Action:getURL http://ancestry.com/learn/facts Navigate to Family facts high level search page in Logged out state


 [INFO] 2014:10:17 11:08:24  keyWords.KeywordHandler.keywordhandler(Unknown Source) :  keyword recived:get Property: URL loc:  testData: http://ancestry.com/learn/facts


 [INFO] 2014:10:17 11:08:29  keyWords.Keywords.geturl(Unknown Source) :  http://ancestry.com/learn/facts Url is opened


 [INFO] 2014:10:17 11:08:29  Results.ResultXml.createXml(Unknown Source) :  New Xml File is created


 [INFO] 2014:10:17 11:08:29  keyWords.ScriptExecuter.execute(Unknown Source) :  Text retrived from the sheet are Action:VerifyTextXpath //header[@class='pageHeader']/h1Discover the meaning and history behind your last name test Verify Header text


 [INFO] 2014:10:17 11:08:29  keyWords.KeywordHandler.keywordhandler(Unknown Source) :  keyword recived:VerifyText Property: Xpath loc: //header[@class='pageHeader']/h1 testData: 


 [INFO] 2014:10:17 11:08:42  keyWords.Keywords.highlightElement(Unknown Source) :  Highlight function called: Received keywordXpath Recived Locator//header[@class='pageHeader']/h1


 [INFO] 2014:10:17 11:08:43  keyWords.Keywords.gettingText(Unknown Source) :  Discover the meaning and history behind your last name text is reterived from the '//header[@class='pageHeader']/h1' locator


 [INFO] 2014:10:17 11:08:43  keyWords.Keywords.verifyContentMatch(Unknown Source) :  Expected Text:Discover the meaning and history behind your last name test


 [INFO] 2014:10:17 11:08:43  utilities.TestRerun.retry(Unknown Source) :  running retry logic for  'module1tc1' on class utilities.TestRerun


 [INFO] 2014:10:17 11:08:43  testCases.FamilyFactsGuest.module1tc1(Unknown Source) :  Started Executing Test Case :1 of module1


 [INFO] 2014:10:17 11:08:43  keyWords.ScriptExecuter.execute(Unknown Source) :  Text retrived from the sheet are Action:getURL http://ancestry.com/learn/facts Navigate to Family facts high level search page in Logged out state


 [INFO] 2014:10:17 11:08:43  keyWords.KeywordHandler.keywordhandler(Unknown Source) :  keyword recived:get Property: URL loc:  testData: http://ancestry.com/learn/facts


 [INFO] 2014:10:17 11:08:45  keyWords.Keywords.geturl(Unknown Source) :  http://ancestry.com/learn/facts Url is opened


 [INFO] 2014:10:17 11:08:45  keyWords.ScriptExecuter.execute(Unknown Source) :  Text retrived from the sheet are Action:VerifyTextXpath //header[@class='pageHeader']/h1Discover the meaning and history behind your last name test Verify Header text


 [INFO] 2014:10:17 11:08:45  keyWords.KeywordHandler.keywordhandler(Unknown Source) :  keyword recived:VerifyText Property: Xpath loc: //header[@class='pageHeader']/h1 testData: 


 [INFO] 2014:10:17 11:08:45  keyWords.Keywords.highlightElement(Unknown Source) :  Highlight function called: Received keywordXpath Recived Locator//header[@class='pageHeader']/h1


 [INFO] 2014:10:17 11:08:46  keyWords.Keywords.gettingText(Unknown Source) :  Discover the meaning and history behind your last name text is reterived from the '//header[@class='pageHeader']/h1' locator


 [INFO] 2014:10:17 11:08:46  keyWords.Keywords.verifyContentMatch(Unknown Source) :  Expected Text:Discover the meaning and history behind your last name test


 [INFO] 2014:10:17 11:08:46  utilities.TestRerun.retry(Unknown Source) :  running retry logic for  'module1tc1' on class utilities.TestRerun


 [INFO] 2014:10:17 11:08:46  testCases.FamilyFactsGuest.module1tc2(Unknown Source) :  Started Executing Test Case :2 of module1


 [INFO] 2014:10:17 11:08:46  keyWords.ScriptExecuter.execute(Unknown Source) :  Text retrived from the sheet are Action:getURL http://ancestry.com/learn/facts Navigate to Family facts high level search page in Logged out state


 [INFO] 2014:10:17 11:08:46  keyWords.KeywordHandler.keywordhandler(Unknown Source) :  keyword recived:get Property: URL loc:  testData: http://ancestry.com/learn/facts


 [INFO] 2014:10:17 11:08:48  keyWords.Keywords.geturl(Unknown Source) :  http://ancestry.com/learn/facts Url is opened


 [INFO] 2014:10:17 11:08:48  keyWords.ScriptExecuter.execute(Unknown Source) :  Text retrived from the sheet are Action:sendkeysXpath //*[@id='surname']Smith Enter Text in surname field


 [INFO] 2014:10:17 11:08:48  keyWords.KeywordHandler.keywordhandler(Unknown Source) :  keyword recived:sendkeys Property: Xpath loc: //*[@id='surname'] testData: Smith


 [INFO] 2014:10:17 11:08:48  keyWords.Keywords.highlightElement(Unknown Source) :  Highlight function called: Received keywordXpath Recived Locator//*[@id='surname']


 [INFO] 2014:10:17 11:08:49  keyWords.Keywords.getAndSend(Unknown Source) :  GetAndSend method Called


 [INFO] 2014:10:17 11:08:49  keyWords.Keywords.getAndSend(Unknown Source) :  GetAndSend returned testdata directly


 [INFO] 2014:10:17 11:08:49  keyWords.Keywords.sendkeys(Unknown Source) :  Smith value is entereed in //*[@id='surname'] Element


 [INFO] 2014:10:17 11:08:49  keyWords.ScriptExecuter.execute(Unknown Source) :  Text retrived from the sheet are Action:clickXpath //*[@id='ffSurnameBtn'] Click on Search button 


 [INFO] 2014:10:17 11:08:49  keyWords.KeywordHandler.keywordhandler(Unknown Source) :  keyword recived:click Property: Xpath loc: //*[@id='ffSurnameBtn'] testData: 


 [INFO] 2014:10:17 11:08:49  keyWords.Keywords.click(Unknown Source) :  Highlighted ScreenD:\Automation_Script\Workspace\Family_Facts\Custom_Reports\Result17Oct2014_1108\screens\Family_Facts_GuestClick on Search button 1343101184.jpg


 [INFO] 2014:10:17 11:08:51  keyWords.Keywords.click(Unknown Source) :  //*[@id='ffSurnameBtn'] Element Clicked


 [INFO] 2014:10:17 11:08:51  keyWords.ScriptExecuter.execute(Unknown Source) :  Text retrived from the sheet are Action:VerifyTextXpath //*[@id='topContainer']/h1Smith Family History Verify the Navigation to Family history  Page 


 [INFO] 2014:10:17 11:08:51  keyWords.KeywordHandler.keywordhandler(Unknown Source) :  keyword recived:VerifyText Property: Xpath loc: //*[@id='topContainer']/h1 testData: 


 [INFO] 2014:10:17 11:08:51  keyWords.Keywords.highlightElement(Unknown Source) :  Highlight function called: Received keywordXpath Recived Locator//*[@id='topContainer']/h1


 [INFO] 2014:10:17 11:08:52  keyWords.Keywords.gettingText(Unknown Source) :  Smith Family History text is reterived from the '//*[@id='topContainer']/h1' locator


 [INFO] 2014:10:17 11:08:52  keyWords.Keywords.verifyContentMatch(Unknown Source) :  Expected Text:Smith Family History


 [INFO] 2014:10:17 11:08:52  keyWords.ScriptExecuter.execute(Unknown Source) :  Text retrived from the sheet are Action:        


 [INFO] 2014:10:17 11:08:52  keyWords.KeywordHandler.keywordhandler(Unknown Source) :  keyword recived:  Property:   loc:   testData:  


 [INFO] 2014:10:17 11:08:52  testCases.FamilyFactsGuest.clearcookies(Unknown Source) :  Deleting all Cookies


 [INFO] 2014:10:17 11:08:52  testCases.FamilyFactsRegistered.module2tc1(Unknown Source) :  Started Executing TC1 of Module2:keyWords.ScriptExecuter@2efeecca


 [INFO] 2014:10:17 11:08:52  keyWords.ScriptExecuter.execute(Unknown Source) :  Text retrived from the sheet are Action:getURL http://ancestry.com/learn/facts Navigate to Family facts high level search page


 [INFO] 2014:10:17 11:08:52  keyWords.KeywordHandler.keywordhandler(Unknown Source) :  keyword recived:get Property: URL loc:  testData: http://ancestry.com/learn/facts


 [INFO] 2014:10:17 11:08:54  keyWords.Keywords.geturl(Unknown Source) :  http://ancestry.com/learn/facts Url is opened


 [INFO] 2014:10:17 11:08:55  keyWords.ScriptExecuter.execute(Unknown Source) :  Text retrived from the sheet are Action:clickId showSignIn Click on Show Sign-in button


 [INFO] 2014:10:17 11:08:55  keyWords.KeywordHandler.keywordhandler(Unknown Source) :  keyword recived:click Property: Id loc: showSignIn testData: 


 [INFO] 2014:10:17 11:08:55  keyWords.Keywords.click(Unknown Source) :  Highlighted ScreenD:\Automation_Script\Workspace\Family_Facts\Custom_Reports\Result17Oct2014_1108\screens\Family_Facts_RegisteredClick on Show Sign-in button-1980099049.jpg


 [INFO] 2014:10:17 11:08:55  keyWords.Keywords.click(Unknown Source) :  showSignIn Element Clicked


 [INFO] 2014:10:17 11:08:55  keyWords.ScriptExecuter.execute(Unknown Source) :  Text retrived from the sheet are Action:sendkeysId usernamezenfbitesterkp1 Enter username in username field


 [INFO] 2014:10:17 11:08:55  keyWords.KeywordHandler.keywordhandler(Unknown Source) :  keyword recived:sendkeys Property: Id loc: username testData: zenfbitesterkp1


 [INFO] 2014:10:17 11:08:55  keyWords.Keywords.highlightElement(Unknown Source) :  Highlight function called: Received keywordId Recived Locatorusername


 [INFO] 2014:10:17 11:08:56  keyWords.Keywords.getAndSend(Unknown Source) :  GetAndSend method Called


 [INFO] 2014:10:17 11:08:56  keyWords.Keywords.getAndSend(Unknown Source) :  GetAndSend returned testdata directly


 [INFO] 2014:10:17 11:08:56  keyWords.Keywords.sendkeys(Unknown Source) :  zenfbitesterkp1 value is entereed in username Element


 [INFO] 2014:10:17 11:08:56  keyWords.ScriptExecuter.execute(Unknown Source) :  Text retrived from the sheet are Action:sendkeysId passwordtesting Enter password in password filed


 [INFO] 2014:10:17 11:08:56  keyWords.KeywordHandler.keywordhandler(Unknown Source) :  keyword recived:sendkeys Property: Id loc: password testData: testing


 [INFO] 2014:10:17 11:08:56  keyWords.Keywords.highlightElement(Unknown Source) :  Highlight function called: Received keywordId Recived Locatorpassword


 [INFO] 2014:10:17 11:08:57  keyWords.Keywords.getAndSend(Unknown Source) :  GetAndSend method Called


 [INFO] 2014:10:17 11:08:57  keyWords.Keywords.getAndSend(Unknown Source) :  GetAndSend returned testdata directly


 [INFO] 2014:10:17 11:08:57  keyWords.Keywords.sendkeys(Unknown Source) :  testing value is entereed in password Element


 [INFO] 2014:10:17 11:08:57  keyWords.ScriptExecuter.execute(Unknown Source) :  Text retrived from the sheet are Action:clickId signin Click on Sign-in button


 [INFO] 2014:10:17 11:08:57  keyWords.KeywordHandler.keywordhandler(Unknown Source) :  keyword recived:click Property: Id loc: signin testData: 


 [INFO] 2014:10:17 11:08:57  keyWords.Keywords.click(Unknown Source) :  Highlighted ScreenD:\Automation_Script\Workspace\Family_Facts\Custom_Reports\Result17Oct2014_1108\screens\Family_Facts_RegisteredClick on Sign-in button1703839357.jpg


 [INFO] 2014:10:17 11:09:03  keyWords.Keywords.click(Unknown Source) :  signin Element Clicked


 [INFO] 2014:10:17 11:09:03  keyWords.ScriptExecuter.execute(Unknown Source) :  Text retrived from the sheet are Action:VerifyTextClassName accountNamezenfbitesterkp1 Verify logged in user name


 [INFO] 2014:10:17 11:09:03  keyWords.KeywordHandler.keywordhandler(Unknown Source) :  keyword recived:VerifyText Property: ClassName loc: accountName testData: 


 [INFO] 2014:10:17 11:09:03  keyWords.Keywords.highlightElement(Unknown Source) :  Highlight function called: Received keywordClassName Recived LocatoraccountName


 [INFO] 2014:10:17 11:09:03  keyWords.Keywords.gettingText(Unknown Source) :  ZenFbitesterkp1 text is reterived from the 'accountName' locator


 [INFO] 2014:10:17 11:09:03  keyWords.Keywords.verifyContentMatch(Unknown Source) :  Expected Text:zenfbitesterkp1


 [INFO] 2014:10:17 11:09:04  testCases.FamilyFactsRegistered.clearcookies(Unknown Source) :  Deleting all Cookies

